<?xml version="1.0" encoding="UTF-8"?>
<!-- Generated by org.testng.reporters.JUnitReportReporter -->
<testsuite skipped="0" hostname="ip-172-31-21-84" name="LoginpageTsuites.AdminLoginTest" tests="1" failures="0" timestamp="2021-12-11T15:23:59 UTC" time="43.541" errors="0">
  <testcase name="AdminLoginTest" time="43.541" classname="LoginpageTsuites.AdminLoginTest"/>
  <system-out/>
</testsuite> <!-- LoginpageTsuites.AdminLoginTest -->
