<?xml version="1.0" encoding="UTF-8"?>
<!-- Generated by org.testng.reporters.JUnitReportReporter -->
<testsuite skipped="0" hostname="ip-172-31-21-84" name="LoginpageTsuites.pageObjectTest" tests="6" failures="0" timestamp="2021-12-11T15:23:59 UTC" time="27.410" errors="0">
  <testcase name="validateHome_Pg" time="3.093" classname="LoginpageTsuites.pageObjectTest"/>
  <system-out/>
  <testcase name="validateContactPg" time="3.184" classname="LoginpageTsuites.pageObjectTest"/>
  <system-out/>
  <testcase name="validateAboutPg" time="4.152" classname="LoginpageTsuites.pageObjectTest"/>
  <system-out/>
  <testcase name="validateLoginPg" time="4.295" classname="LoginpageTsuites.pageObjectTest"/>
  <system-out/>
  <testcase name="validateSignupPg" time="6.338" classname="LoginpageTsuites.pageObjectTest"/>
  <system-out/>
  <testcase name="validateProductPg" time="6.348" classname="LoginpageTsuites.pageObjectTest"/>
  <system-out/>
</testsuite> <!-- LoginpageTsuites.pageObjectTest -->
